#
# There is insufficient memory for the Java Runtime Environment to continue.
# Native memory allocation (malloc) failed to allocate 1477616 bytes for Chunk::new
# Possible reasons:
#   The system is out of physical RAM or swap space
#   The process is running with CompressedOops enabled, and the Java Heap may be blocking the growth of the native heap
# Possible solutions:
#   Reduce memory load on the system
#   Increase physical memory or swap space
#   Check if swap backing store is full
#   Decrease Java heap size (-Xmx/-Xms)
#   Decrease number of Java threads
#   Decrease Java thread stack sizes (-Xss)
#   Set larger code cache with -XX:ReservedCodeCacheSize=
#   JVM is running with Unscaled Compressed Oops mode in which the Java heap is
#     placed in the first 4GB address space. The Java Heap base address is the
#     maximum limit for the native heap growth. Please use -XX:HeapBaseMinAddress
#     to set the Java Heap base and to place the Java Heap above 4GB virtual address.
# This output file may be truncated or incomplete.
#
#  Out of Memory Error (allocation.cpp:389), pid=9172, tid=0x0000000000002fc8
#
# JRE version: OpenJDK Runtime Environment (8.0_202-b03) (build 1.8.0_202-release-1483-b03)
# Java VM: OpenJDK 64-Bit Server VM (25.202-b03 mixed mode windows-amd64 compressed oops)
# Failed to write core dump. Minidumps are not enabled by default on client versions of Windows
#

---------------  T H R E A D  ---------------

Current thread (0x0000000017fe4800):  JavaThread "C2 CompilerThread1" daemon [_thread_in_native, id=12232, stack(0x0000000018690000,0x0000000018790000)]

Stack: [0x0000000018690000,0x0000000018790000]
[error occurred during error reporting (printing stack bounds), id 0xc0000005]

Native frames: (J=compiled Java code, j=interpreted, Vv=VM code, C=native code)


Current CompileTask:
C2:  10218 6103       4       java.lang.Class::privateGetPublicMethods (267 bytes)


---------------  P R O C E S S  ---------------

Java Threads: ( => current thread )
  0x000000001a8ff000 JavaThread "Memory manager" [_thread_blocked, id=11908, stack(0x0000000021e70000,0x0000000021f70000)]
  0x000000001a8fb800 JavaThread "Build operations Thread 6" [_thread_blocked, id=12844, stack(0x0000000021b70000,0x0000000021c70000)]
  0x000000001a8fd000 JavaThread "Build operations Thread 5" [_thread_blocked, id=13332, stack(0x0000000021a70000,0x0000000021b70000)]
  0x000000001a8fe800 JavaThread "Build operations Thread 4" [_thread_blocked, id=14748, stack(0x0000000021970000,0x0000000021a70000)]
  0x000000001a8fc000 JavaThread "Build operations Thread 3" [_thread_blocked, id=5684, stack(0x0000000021870000,0x0000000021970000)]
  0x000000001a8fd800 JavaThread "Build operations Thread 2" [_thread_blocked, id=15584, stack(0x0000000021770000,0x0000000021870000)]
  0x000000001a902000 JavaThread "Build operations" [_thread_blocked, id=7208, stack(0x0000000021370000,0x0000000021470000)]
  0x0000000017fe9000 JavaThread "Cache worker for Artifact transforms cache (C:\Users\zhoumin-a\.gradle\caches\transforms-1)" [_thread_blocked, id=10196, stack(0x0000000021270000,0x0000000021370000)]
  0x0000000017fed000 JavaThread "Cache worker for cache directory md-rule (C:\Users\zhoumin-a\.gradle\caches\4.10.2\md-rule)" [_thread_blocked, id=8072, stack(0x000000001ec50000,0x000000001ed50000)]
  0x0000000017fec000 JavaThread "Cache worker for cache directory md-supplier (C:\Users\zhoumin-a\.gradle\caches\4.10.2\md-supplier)" [_thread_blocked, id=15596, stack(0x0000000021470000,0x0000000021570000)]
  0x0000000017fea000 JavaThread "Cache worker for journal cache (C:\Users\zhoumin-a\.gradle\caches\journal-1)" [_thread_blocked, id=2408, stack(0x000000001e750000,0x000000001e850000)]
  0x000000001c542000 JavaThread "Cache worker for file hash cache (D:\Projects\flutter\FireShop\android\.gradle\4.10.2\fileHashes)" [_thread_blocked, id=9468, stack(0x000000001d2d0000,0x000000001d3d0000)]
  0x000000001adcf000 JavaThread "File lock request listener" [_thread_in_native, id=7600, stack(0x000000001d1d0000,0x000000001d2d0000)]
  0x000000001c0bb800 JavaThread "Cache worker for file hash cache (C:\Users\zhoumin-a\.gradle\caches\4.10.2\fileHashes)" [_thread_blocked, id=15224, stack(0x000000001d0d0000,0x000000001d1d0000)]
  0x0000000019caf000 JavaThread "Stdin handler" [_thread_blocked, id=12780, stack(0x000000001bc00000,0x000000001bd00000)]
  0x0000000019cae000 JavaThread "Asynchronous log dispatcher for DefaultDaemonConnection: socket connection from /127.0.0.1:50410 to /127.0.0.1:50411" [_thread_blocked, id=6816, stack(0x000000001bb00000,0x000000001bc00000)]
  0x0000000019c08800 JavaThread "Daemon worker" [_thread_in_Java, id=14724, stack(0x000000001ba00000,0x000000001bb00000)]
  0x0000000019c08000 JavaThread "Cancel handler" [_thread_blocked, id=9116, stack(0x000000001b900000,0x000000001ba00000)]
  0x0000000019c04000 JavaThread "Handler for socket connection from /127.0.0.1:50410 to /127.0.0.1:50411" [_thread_in_native, id=13524, stack(0x000000001b800000,0x000000001b900000)]
  0x000000001949f000 JavaThread "Daemon" [_thread_blocked, id=1420, stack(0x000000001b700000,0x000000001b800000)]
  0x00000000197aa800 JavaThread "Daemon periodic checks" [_thread_blocked, id=15416, stack(0x000000001b600000,0x000000001b700000)]
  0x00000000197ac800 JavaThread "Incoming local TCP Connector on port 50410" [_thread_in_native, id=10760, stack(0x000000001b450000,0x000000001b550000)]
  0x000000001806b000 JavaThread "Service Thread" daemon [_thread_blocked, id=4636, stack(0x0000000018890000,0x0000000018990000)]
  0x0000000017fee800 JavaThread "C1 CompilerThread2" daemon [_thread_in_native, id=11136, stack(0x0000000018790000,0x0000000018890000)]
=>0x0000000017fe4800 JavaThread "C2 CompilerThread1" daemon [_thread_in_native, id=12232, stack(0x0000000018690000,0x0000000018790000)]
  0x0000000017fde000 JavaThread "C2 CompilerThread0" daemon [_thread_in_native, id=14052, stack(0x0000000018590000,0x0000000018690000)]
  0x0000000016612800 JavaThread "Attach Listener" daemon [_thread_blocked, id=5840, stack(0x0000000018490000,0x0000000018590000)]
  0x0000000016611000 JavaThread "Signal Dispatcher" daemon [_thread_blocked, id=3000, stack(0x0000000018390000,0x0000000018490000)]
  0x00000000029b9800 JavaThread "Finalizer" daemon [_thread_blocked, id=4672, stack(0x0000000017e90000,0x0000000017f90000)]
  0x00000000029b6000 JavaThread "Reference Handler" daemon [_thread_blocked, id=7704, stack(0x0000000017d90000,0x0000000017e90000)]
  0x0000000002a4e000 JavaThread "main" [_thread_blocked, id=14340, stack(0x0000000002460000,0x0000000002560000)]

Other Threads:
  0x00000000165c6800 VMThread [stack: 0x0000000017c90000,0x0000000017d90000] [id=3816]
  0x000000001804e000 WatcherThread [stack: 0x0000000018990000,0x0000000018a90000] [id=10544]

VM state:not at safepoint (normal execution)

VM Mutex/Monitor currently owned by a thread: None

heap address: 0x00000000a0000000, size: 1536 MB, Compressed Oops mode: 32-bit
Narrow klass base: 0x0000000000000000, Narrow klass shift: 3
Compressed class space size: 1073741824 Address: 0x0000000100000000

Heap:
 PSYoungGen      total 268288K, used 110527K [0x00000000e0000000, 0x00000000f8e00000, 0x0000000100000000)
  eden space 244224K, 45% used [0x00000000e0000000,0x00000000e6befed0,0x00000000eee80000)
  from space 24064K, 0% used [0x00000000eee80000,0x00000000eee80000,0x00000000f0600000)
  to   space 25600K, 0% used [0x00000000f7500000,0x00000000f7500000,0x00000000f8e00000)
 ParOldGen       total 150016K, used 34444K [0x00000000a0000000, 0x00000000a9280000, 0x00000000e0000000)
  object space 150016K, 22% used [0x00000000a0000000,0x00000000a21a3288,0x00000000a9280000)
 Metaspace       used 60301K, capacity 62694K, committed 62936K, reserved 1103872K
  class space    used 8196K, capacity 8867K, committed 8960K, reserved 1048576K

Card table byte_map: [0x0000000011e10000,0x0000000012120000] byte_map_base: 0x0000000011910000

Marking Bits: (ParMarkBitMap*) 0x0000000068149f30
 Begin Bits: [0x0000000012920000, 0x0000000014120000)
 End Bits:   [0x0000000014120000, 0x0000000015920000)

Polling page: 0x00000000003f0000

CodeCache: size=245760Kb used=22770Kb max_used=22770Kb free=222989Kb
 bounds [0x0000000002a50000, 0x00000000040a0000, 0x0000000011a50000]
 total_blobs=7715 nmethods=6912 adapters=715
 compilation: enabled

Compilation events (10 events):
Event: 10.213 Thread 0x0000000017fee800 7337       3       org.gradle.api.internal.artifacts.publish.AbstractPublishArtifact::<init> (7 bytes)
Event: 10.213 Thread 0x0000000017fee800 nmethod 7337 0x0000000004090c50 code [0x0000000004090de0, 0x0000000004091208]
Event: 10.213 Thread 0x0000000017fee800 7332       3       org.gradle.api.internal.artifacts.ivyservice.resolveengine.artifact.DefaultArtifactSet$LazyArtifactSource::<init> (8 bytes)
Event: 10.213 Thread 0x0000000017fee800 nmethod 7332 0x0000000004091450 code [0x00000000040915c0, 0x0000000004091810]
Event: 10.213 Thread 0x0000000017fee800 7343       1       org.gradle.api.internal.file.collections.ListBackedFileSet::getFiles (5 bytes)
Event: 10.213 Thread 0x0000000017fee800 nmethod 7343 0x0000000004091910 code [0x0000000004091a60, 0x0000000004091b70]
Event: 10.213 Thread 0x0000000017fee800 7344       1       org.gradle.api.internal.artifacts.dsl.ArtifactFile::getExtension (5 bytes)
Event: 10.214 Thread 0x0000000017fee800 nmethod 7344 0x0000000004091bd0 code [0x0000000004091d20, 0x0000000004091e30]
Event: 10.214 Thread 0x0000000017fee800 7346       1       com.google.common.collect.RegularImmutableMap::size (6 bytes)
Event: 10.214 Thread 0x0000000017fee800 nmethod 7346 0x0000000004091e90 code [0x0000000004091fe0, 0x00000000040920f0]

GC Heap History (10 events):
Event: 5.179 GC heap before
{Heap before GC invocations=8 (full 2):
 PSYoungGen      total 169984K, used 9164K [0x00000000e0000000, 0x00000000eef80000, 0x0000000100000000)
  eden space 156160K, 0% used [0x00000000e0000000,0x00000000e0000000,0x00000000e9880000)
  from space 13824K, 66% used [0x00000000ea580000,0x00000000eae731c0,0x00000000eb300000)
  to   space 13312K, 0% used [0x00000000e9880000,0x00000000e9880000,0x00000000ea580000)
 ParOldGen       total 106496K, used 11402K [0x00000000a0000000, 0x00000000a6800000, 0x00000000e0000000)
  object space 106496K, 10% used [0x00000000a0000000,0x00000000a0b22918,0x00000000a6800000)
 Metaspace       used 34735K, capacity 35296K, committed 35416K, reserved 1079296K
  class space    used 4762K, capacity 4973K, committed 4992K, reserved 1048576K
Event: 5.221 GC heap after
Heap after GC invocations=8 (full 2):
 PSYoungGen      total 169984K, used 0K [0x00000000e0000000, 0x00000000eef80000, 0x0000000100000000)
  eden space 156160K, 0% used [0x00000000e0000000,0x00000000e0000000,0x00000000e9880000)
  from space 13824K, 0% used [0x00000000ea580000,0x00000000ea580000,0x00000000eb300000)
  to   space 13312K, 0% used [0x00000000e9880000,0x00000000e9880000,0x00000000ea580000)
 ParOldGen       total 150016K, used 16136K [0x00000000a0000000, 0x00000000a9280000, 0x00000000e0000000)
  object space 150016K, 10% used [0x00000000a0000000,0x00000000a0fc2148,0x00000000a9280000)
 Metaspace       used 34735K, capacity 35296K, committed 35416K, reserved 1079296K
  class space    used 4762K, capacity 4973K, committed 4992K, reserved 1048576K
}
Event: 7.025 GC heap before
{Heap before GC invocations=9 (full 2):
 PSYoungGen      total 169984K, used 156160K [0x00000000e0000000, 0x00000000eef80000, 0x0000000100000000)
  eden space 156160K, 100% used [0x00000000e0000000,0x00000000e9880000,0x00000000e9880000)
  from space 13824K, 0% used [0x00000000ea580000,0x00000000ea580000,0x00000000eb300000)
  to   space 13312K, 0% used [0x00000000e9880000,0x00000000e9880000,0x00000000ea580000)
 ParOldGen       total 150016K, used 16136K [0x00000000a0000000, 0x00000000a9280000, 0x00000000e0000000)
  object space 150016K, 10% used [0x00000000a0000000,0x00000000a0fc2148,0x00000000a9280000)
 Metaspace       used 44731K, capacity 45726K, committed 45784K, reserved 1089536K
  class space    used 6041K, capacity 6373K, committed 6400K, reserved 1048576K
Event: 7.052 GC heap after
Heap after GC invocations=9 (full 2):
 PSYoungGen      total 169472K, used 13309K [0x00000000e0000000, 0x00000000f1780000, 0x0000000100000000)
  eden space 156160K, 0% used [0x00000000e0000000,0x00000000e0000000,0x00000000e9880000)
  from space 13312K, 99% used [0x00000000e9880000,0x00000000ea57f5d8,0x00000000ea580000)
  to   space 17920K, 0% used [0x00000000f0600000,0x00000000f0600000,0x00000000f1780000)
 ParOldGen       total 150016K, used 21971K [0x00000000a0000000, 0x00000000a9280000, 0x00000000e0000000)
  object space 150016K, 14% used [0x00000000a0000000,0x00000000a1574e88,0x00000000a9280000)
 Metaspace       used 44731K, capacity 45726K, committed 45784K, reserved 1089536K
  class space    used 6041K, capacity 6373K, committed 6400K, reserved 1048576K
}
Event: 8.661 GC heap before
{Heap before GC invocations=10 (full 2):
 PSYoungGen      total 169472K, used 169469K [0x00000000e0000000, 0x00000000f1780000, 0x0000000100000000)
  eden space 156160K, 100% used [0x00000000e0000000,0x00000000e9880000,0x00000000e9880000)
  from space 13312K, 99% used [0x00000000e9880000,0x00000000ea57f5d8,0x00000000ea580000)
  to   space 17920K, 0% used [0x00000000f0600000,0x00000000f0600000,0x00000000f1780000)
 ParOldGen       total 150016K, used 21971K [0x00000000a0000000, 0x00000000a9280000, 0x00000000e0000000)
  object space 150016K, 14% used [0x00000000a0000000,0x00000000a1574e88,0x00000000a9280000)
 Metaspace       used 57009K, capacity 58480K, committed 58584K, reserved 1099776K
  class space    used 7731K, capacity 8163K, committed 8192K, reserved 1048576K
Event: 8.694 GC heap after
Heap after GC invocations=10 (full 2):
 PSYoungGen      total 262144K, used 17888K [0x00000000e0000000, 0x00000000f2280000, 0x0000000100000000)
  eden space 244224K, 0% used [0x00000000e0000000,0x00000000e0000000,0x00000000eee80000)
  from space 17920K, 99% used [0x00000000f0600000,0x00000000f1778078,0x00000000f1780000)
  to   space 24064K, 0% used [0x00000000eee80000,0x00000000eee80000,0x00000000f0600000)
 ParOldGen       total 150016K, used 31418K [0x00000000a0000000, 0x00000000a9280000, 0x00000000e0000000)
  object space 150016K, 20% used [0x00000000a0000000,0x00000000a1eae9a8,0x00000000a9280000)
 Metaspace       used 57009K, capacity 58480K, committed 58584K, reserved 1099776K
  class space    used 7731K, capacity 8163K, committed 8192K, reserved 1048576K
}
Event: 8.782 GC heap before
{Heap before GC invocations=11 (full 2):
 PSYoungGen      total 262144K, used 36825K [0x00000000e0000000, 0x00000000f2280000, 0x0000000100000000)
  eden space 244224K, 7% used [0x00000000e0000000,0x00000000e127e598,0x00000000eee80000)
  from space 17920K, 99% used [0x00000000f0600000,0x00000000f1778078,0x00000000f1780000)
  to   space 24064K, 0% used [0x00000000eee80000,0x00000000eee80000,0x00000000f0600000)
 ParOldGen       total 150016K, used 31418K [0x00000000a0000000, 0x00000000a9280000, 0x00000000e0000000)
  object space 150016K, 20% used [0x00000000a0000000,0x00000000a1eae9a8,0x00000000a9280000)
 Metaspace       used 57363K, capacity 58818K, committed 58968K, reserved 1099776K
  class space    used 7793K, capacity 8232K, committed 8320K, reserved 1048576K
Event: 8.794 GC heap after
Heap after GC invocations=11 (full 2):
 PSYoungGen      total 268288K, used 19050K [0x00000000e0000000, 0x00000000f8e00000, 0x0000000100000000)
  eden space 244224K, 0% used [0x00000000e0000000,0x00000000e0000000,0x00000000eee80000)
  from space 24064K, 79% used [0x00000000eee80000,0x00000000f011aba8,0x00000000f0600000)
  to   space 25600K, 0% used [0x00000000f7500000,0x00000000f7500000,0x00000000f8e00000)
 ParOldGen       total 150016K, used 31426K [0x00000000a0000000, 0x00000000a9280000, 0x00000000e0000000)
  object space 150016K, 20% used [0x00000000a0000000,0x00000000a1eb09a8,0x00000000a9280000)
 Metaspace       used 57363K, capacity 58818K, committed 58968K, reserved 1099776K
  class space    used 7793K, capacity 8232K, committed 8320K, reserved 1048576K
}
Event: 8.794 GC heap before
{Heap before GC invocations=12 (full 3):
 PSYoungGen      total 268288K, used 19050K [0x00000000e0000000, 0x00000000f8e00000, 0x0000000100000000)
  eden space 244224K, 0% used [0x00000000e0000000,0x00000000e0000000,0x00000000eee80000)
  from space 24064K, 79% used [0x00000000eee80000,0x00000000f011aba8,0x00000000f0600000)
  to   space 25600K, 0% used [0x00000000f7500000,0x00000000f7500000,0x00000000f8e00000)
 ParOldGen       total 150016K, used 31426K [0x00000000a0000000, 0x00000000a9280000, 0x00000000e0000000)
  object space 150016K, 20% used [0x00000000a0000000,0x00000000a1eb09a8,0x00000000a9280000)
 Metaspace       used 57363K, capacity 58818K, committed 58968K, reserved 1099776K
  class space    used 7793K, capacity 8232K, committed 8320K, reserved 1048576K
Event: 8.969 GC heap after
Heap after GC invocations=12 (full 3):
 PSYoungGen      total 268288K, used 0K [0x00000000e0000000, 0x00000000f8e00000, 0x0000000100000000)
  eden space 244224K, 0% used [0x00000000e0000000,0x00000000e0000000,0x00000000eee80000)
  from space 24064K, 0% used [0x00000000eee80000,0x00000000eee80000,0x00000000f0600000)
  to   space 25600K, 0% used [0x00000000f7500000,0x00000000f7500000,0x00000000f8e00000)
 ParOldGen       total 150016K, used 34444K [0x00000000a0000000, 0x00000000a9280000, 0x00000000e0000000)
  object space 150016K, 22% used [0x00000000a0000000,0x00000000a21a3288,0x00000000a9280000)
 Metaspace       used 57363K, capacity 58818K, committed 58968K, reserved 1099776K
  class space    used 7793K, capacity 8232K, committed 8320K, reserved 1048576K
}

Deoptimization events (10 events):
Event: 8.515 Thread 0x0000000019c08800 Uncommon trap: reason=unstable_if action=reinterpret pc=0x00000000035f5ebc method=java.lang.String.regionMatches(ZILjava/lang/String;II)Z @ 58
Event: 8.599 Thread 0x0000000019c08800 Uncommon trap: reason=unstable_if action=reinterpret pc=0x00000000034e56e4 method=groovy.lang.MetaClassImpl$1MOPIter.methodNameAction(Ljava/lang/Class;Lorg/codehaus/groovy/runtime/metaclass/MetaMethodIndex$Entry;)V @ 354
Event: 8.986 Thread 0x0000000019c08800 Uncommon trap: reason=unstable_if action=reinterpret pc=0x00000000032f0a98 method=org.codehaus.groovy.reflection.CachedMethod.compareToMethod(Ljava/lang/reflect/Method;)I @ 111
Event: 8.998 Thread 0x0000000019c08800 Uncommon trap: reason=class_check action=maybe_recompile pc=0x00000000030598d8 method=java.io.BufferedInputStream.read1([BII)I @ 39
Event: 10.067 Thread 0x0000000019c08800 Uncommon trap: reason=unstable_if action=reinterpret pc=0x0000000003d93608 method=com.esotericsoftware.kryo.io.Input.readString()Ljava/lang/String; @ 28
Event: 10.070 Thread 0x0000000019c08800 Uncommon trap: reason=unstable_if action=reinterpret pc=0x0000000003fcd294 method=com.esotericsoftware.kryo.io.Input.readInt(Z)I @ 42
Event: 10.111 Thread 0x0000000019c08800 Uncommon trap: reason=unstable_if action=reinterpret pc=0x0000000002f6833c method=java.util.TreeMap.put(Ljava/lang/Object;Ljava/lang/Object;)Ljava/lang/Object; @ 163
Event: 10.142 Thread 0x0000000019c08800 Uncommon trap: reason=unstable_if action=reinterpret pc=0x0000000003b6684c method=org.gradle.internal.reflect.PropertyAccessorType.of(Ljava/lang/reflect/Method;)Lorg/gradle/internal/reflect/PropertyAccessorType; @ 4
Event: 10.151 Thread 0x0000000019c08800 Uncommon trap: reason=predicate action=maybe_recompile pc=0x0000000004023fb8 method=java.util.AbstractCollection.toArray([Ljava/lang/Object;)[Ljava/lang/Object; @ 49
Event: 10.213 Thread 0x0000000019c08800 Uncommon trap: reason=bimorphic action=maybe_recompile pc=0x0000000003f9910c method=com.google.common.collect.ImmutableList.copyOf(Ljava/util/Collection;)Lcom/google/common/collect/ImmutableList; @ 16

Classes redefined (0 events):
No events

Internal exceptions (10 events):
Event: 10.104 Thread 0x0000000019c08800 Exception <a 'java/lang/ClassNotFoundException': org/gradle/api/tasks/compile/CompileOptions_DecoratedBeanInfo> (0x00000000e5c9d6a8) thrown at [D:\src\AOSP-openjdk-cygwin\jdk8u\hotspot\src\share\vm\classfile\systemDictionary.cpp, line 210]
Event: 10.104 Thread 0x0000000019c08800 Exception <a 'java/lang/ClassNotFoundException': org/gradle/api/tasks/compile/CompileOptionsBeanInfo> (0x00000000e5cc3c48) thrown at [D:\src\AOSP-openjdk-cygwin\jdk8u\hotspot\src\share\vm\classfile\systemDictionary.cpp, line 210]
Event: 10.105 Thread 0x0000000019c08800 Exception <a 'java/lang/ClassNotFoundException': org/gradle/api/tasks/compile/AbstractOptionsBeanInfo> (0x00000000e5cea1e0) thrown at [D:\src\AOSP-openjdk-cygwin\jdk8u\hotspot\src\share\vm\classfile\systemDictionary.cpp, line 210]
Event: 10.105 Thread 0x0000000019c08800 Exception <a 'java/lang/ClassNotFoundException': org/gradle/api/tasks/compile/AbstractOptionsCustomizer> (0x00000000e5d11188) thrown at [D:\src\AOSP-openjdk-cygwin\jdk8u\hotspot\src\share\vm\classfile\systemDictionary.cpp, line 210]
Event: 10.105 Thread 0x0000000019c08800 Exception <a 'java/lang/ClassNotFoundException': org/gradle/api/tasks/compile/CompileOptionsCustomizer> (0x00000000e5d3c2d0) thrown at [D:\src\AOSP-openjdk-cygwin\jdk8u\hotspot\src\share\vm\classfile\systemDictionary.cpp, line 210]
Event: 10.107 Thread 0x0000000019c08800 Exception <a 'java/lang/ClassNotFoundException': org/gradle/api/tasks/compile/CompileOptions_DecoratedCustomizer> (0x00000000e5dbaa58) thrown at [D:\src\AOSP-openjdk-cygwin\jdk8u\hotspot\src\share\vm\classfile\systemDictionary.cpp, line 210]
Event: 10.133 Thread 0x0000000019c08800 Exception <a 'java/lang/NoSuchMethodError': java.lang.Object.lambda$static$0(Ljava/util/Set;Ljava/util/Set;)Z> (0x00000000e6040ce0) thrown at [D:\src\AOSP-openjdk-cygwin\jdk8u\hotspot\src\share\vm\interpreter\linkResolver.cpp, line 620]
Event: 10.133 Thread 0x0000000019c08800 Exception <a 'java/lang/NoSuchMethodError': java.lang.Object.lambda$static$1(Ljava/util/Set;Ljava/util/Set;)Z> (0x00000000e6043a68) thrown at [D:\src\AOSP-openjdk-cygwin\jdk8u\hotspot\src\share\vm\interpreter\linkResolver.cpp, line 620]
Event: 10.133 Thread 0x0000000019c08800 Exception <a 'java/lang/NoSuchMethodError': java.lang.Object.lambda$static$2(Ljava/util/Set;Ljava/util/Set;)Z> (0x00000000e60463c0) thrown at [D:\src\AOSP-openjdk-cygwin\jdk8u\hotspot\src\share\vm\interpreter\linkResolver.cpp, line 620]
Event: 10.133 Thread 0x0000000019c08800 Exception <a 'java/lang/NoSuchMethodError': java.lang.Object.lambda$static$3(Ljava/util/Set;Ljava/util/Set;)Z> (0x00000000e6048d18) thrown at [D:\src\AOSP-openjdk-cygwin\jdk8u\hotspot\src\share\vm\interpreter\linkResolver.cpp, line 620]

Events (10 events):
Event: 10.212 Thread 0x0000000019c08800 DEOPT UNPACKING pc=0x0000000002a975d0 sp=0x000000001bafae88 mode 0
Event: 10.213 loading class org/gradle/api/internal/artifacts/ivyservice/resolveengine/artifact/LocalFileDependencyBackedArtifactSet
Event: 10.213 loading class org/gradle/api/internal/artifacts/ivyservice/resolveengine/artifact/LocalFileDependencyBackedArtifactSet done
Event: 10.213 Thread 0x0000000019c08800 Uncommon trap: trap_request=0xffffffc6 fr.pc=0x0000000003f9910c
Event: 10.213 Thread 0x0000000019c08800 DEOPT PACKING pc=0x0000000003f9910c sp=0x000000001bafc130
Event: 10.213 Thread 0x0000000019c08800 DEOPT UNPACKING pc=0x0000000002a9557b sp=0x000000001bafc0e0 mode 2
Event: 10.214 loading class org/gradle/api/internal/artifacts/transform/ConsumerVariantMatchResult
Event: 10.214 loading class org/gradle/api/internal/artifacts/transform/ConsumerVariantMatchResult done
Event: 10.214 loading class org/gradle/api/internal/artifacts/transform/ConsumerProvidedVariantFinder$AttributeSpecificCache
Event: 10.214 loading class org/gradle/api/internal/artifacts/transform/ConsumerProvidedVariantFinder$AttributeSpecificCache done


Dynamic libraries:
0x00007ff76c670000 - 0x00007ff76c6a1000 	C:\Program Files\Android\Android Studio\jre\bin\java.exe
0x00007ffecfce0000 - 0x00007ffecfed0000 	C:\Windows\SYSTEM32\ntdll.dll
0x00007ffece8b0000 - 0x00007ffece962000 	C:\Windows\System32\KERNEL32.DLL
0x00007ffeccfb0000 - 0x00007ffecd253000 	C:\Windows\System32\KERNELBASE.dll
0x00007ffecf870000 - 0x00007ffecf913000 	C:\Windows\System32\ADVAPI32.dll
0x00007ffecf920000 - 0x00007ffecf9be000 	C:\Windows\System32\msvcrt.dll
0x00007ffecfba0000 - 0x00007ffecfc37000 	C:\Windows\System32\sechost.dll
0x00007ffecded0000 - 0x00007ffecdff0000 	C:\Windows\System32\RPCRT4.dll
0x00007ffecf270000 - 0x00007ffecf404000 	C:\Windows\System32\USER32.dll
0x00007ffecd2b0000 - 0x00007ffecd2d1000 	C:\Windows\System32\win32u.dll
0x00007ffecfb70000 - 0x00007ffecfb96000 	C:\Windows\System32\GDI32.dll
0x00007ffecda60000 - 0x00007ffecdbf4000 	C:\Windows\System32\gdi32full.dll
0x00007ffeccd70000 - 0x00007ffecce0e000 	C:\Windows\System32\msvcp_win.dll
0x00007ffeccc70000 - 0x00007ffeccd6a000 	C:\Windows\System32\ucrtbase.dll
0x00007ffec1c30000 - 0x00007ffec1eb5000 	C:\Windows\WinSxS\amd64_microsoft.windows.common-controls_6595b64144ccf1df_6.0.18362.535_none_e6c3b34713100821\COMCTL32.dll
0x00007ffece570000 - 0x00007ffece8a6000 	C:\Windows\System32\combase.dll
0x00007ffecdd10000 - 0x00007ffecdd90000 	C:\Windows\System32\bcryptPrimitives.dll
0x00007ffecf6d0000 - 0x00007ffecf6fe000 	C:\Windows\System32\IMM32.DLL
0x00000000681d0000 - 0x00000000682a2000 	C:\Program Files\Android\Android Studio\jre\jre\bin\msvcr100.dll
0x0000000067980000 - 0x00000000681c6000 	C:\Program Files\Android\Android Studio\jre\jre\bin\server\jvm.dll
0x00007ffece090000 - 0x00007ffece098000 	C:\Windows\System32\PSAPI.DLL
0x00007ffebdaa0000 - 0x00007ffebdaa9000 	C:\Windows\SYSTEM32\WSOCK32.dll
0x00007ffecad90000 - 0x00007ffecadb4000 	C:\Windows\SYSTEM32\WINMM.dll
0x00007ffec2f70000 - 0x00007ffec2f7a000 	C:\Windows\SYSTEM32\VERSION.dll
0x00007ffecf200000 - 0x00007ffecf26f000 	C:\Windows\System32\WS2_32.dll
0x00007ffecad60000 - 0x00007ffecad8d000 	C:\Windows\SYSTEM32\winmmbase.dll
0x00007ffecd260000 - 0x00007ffecd2aa000 	C:\Windows\System32\cfgmgr32.dll
0x00007ffecadd0000 - 0x00007ffecaddf000 	C:\Program Files\Android\Android Studio\jre\jre\bin\verify.dll
0x00007ffec5aa0000 - 0x00007ffec5ac9000 	C:\Program Files\Android\Android Studio\jre\jre\bin\java.dll
0x00007ffec7450000 - 0x00007ffec7466000 	C:\Program Files\Android\Android Studio\jre\jre\bin\zip.dll
0x00007ffecea30000 - 0x00007ffecf115000 	C:\Windows\System32\SHELL32.dll
0x00007ffece980000 - 0x00007ffecea29000 	C:\Windows\System32\shcore.dll
0x00007ffecd2e0000 - 0x00007ffecda5f000 	C:\Windows\System32\windows.storage.dll
0x00007ffeccc00000 - 0x00007ffeccc1f000 	C:\Windows\System32\profapi.dll
0x00007ffeccc20000 - 0x00007ffeccc6a000 	C:\Windows\System32\powrprof.dll
0x00007ffeccbb0000 - 0x00007ffeccbc0000 	C:\Windows\System32\UMPDC.dll
0x00007ffecfc40000 - 0x00007ffecfc92000 	C:\Windows\System32\shlwapi.dll
0x00007ffeccbe0000 - 0x00007ffeccbf1000 	C:\Windows\System32\kernel.appcore.dll
0x00007ffeccf60000 - 0x00007ffeccf77000 	C:\Windows\System32\cryptsp.dll
0x00007ffec1b20000 - 0x00007ffec1b3a000 	C:\Program Files\Android\Android Studio\jre\jre\bin\net.dll
0x00007ffecc390000 - 0x00007ffecc3f7000 	C:\Windows\system32\mswsock.dll
0x00007ffec0dd0000 - 0x00007ffec0de1000 	C:\Program Files\Android\Android Studio\jre\jre\bin\nio.dll
0x00007ffec0db0000 - 0x00007ffec0dce000 	C:\Users\zhoumin-a\.gradle\native\25\windows-amd64\native-platform.dll
0x00007ffec5b50000 - 0x00007ffec5b5d000 	C:\Program Files\Android\Android Studio\jre\jre\bin\management.dll
0x00007ffecbf00000 - 0x00007ffecbf33000 	C:\Windows\system32\rsaenh.dll
0x00007ffeccf80000 - 0x00007ffeccfa6000 	C:\Windows\System32\bcrypt.dll
0x00007ffeccaa0000 - 0x00007ffeccac5000 	C:\Windows\SYSTEM32\USERENV.dll
0x00007ffecc560000 - 0x00007ffecc56c000 	C:\Windows\SYSTEM32\CRYPTBASE.dll
0x00007ffecc0a0000 - 0x00007ffecc0da000 	C:\Windows\SYSTEM32\IPHLPAPI.DLL
0x00007ffecf860000 - 0x00007ffecf868000 	C:\Windows\System32\NSI.dll
0x00007ffec81b0000 - 0x00007ffec81c6000 	C:\Windows\SYSTEM32\dhcpcsvc6.DLL
0x00007ffec80c0000 - 0x00007ffec80dc000 	C:\Windows\SYSTEM32\dhcpcsvc.DLL
0x00007ffecc0e0000 - 0x00007ffecc1aa000 	C:\Windows\SYSTEM32\DNSAPI.dll

VM Arguments:
jvm_args: -Xmx1536M -Dfile.encoding=GBK -Duser.country=CN -Duser.language=zh -Duser.variant 
java_command: org.gradle.launcher.daemon.bootstrap.GradleDaemon 4.10.2
java_class_path (initial): C:\Users\zhoumin-a\.gradle\wrapper\dists\gradle-4.10.2-all\9fahxiiecdb76a5g3aw9oi8rv\gradle-4.10.2\lib\gradle-launcher-4.10.2.jar
Launcher Type: SUN_STANDARD

Environment Variables:
JAVA_HOME=C:\Program Files\Android\Android Studio\jre
CLASSPATH=D:\Projects\flutter\FireShop\android\\gradle\wrapper\gradle-wrapper.jar
PATH=D:\Development\oracle\product\11.2.0\client_1\bin;C:\Python27\;C:\Python27\Scripts;C:\ProgramData\Oracle\Java\javapath;C:\Windows\system32;C:\Windows;C:\Windows\System32\Wbem;C:\Windows\System32\WindowsPowerShell\v1.0\;C:\Windows\System32\OpenSSH\;C:\Program Files\TortoiseSVN\bin;C:\Program Files\Git\cmd;C:\Program Files\Dart\dart-sdk\bin;C:\Program Files\nodejs\;C:\ProgramData\chocolatey\bin;C:\Development\apache-maven-3.6.3\bin;C:\Development\apache-maven-3.6.3\bin;D:\Projects\apache-tomcat-8\bin;C:\Users\zhoumin-a\AppData\Local\Microsoft\WindowsApps;C:\Development\flutter\bin;C:\Program Files (x86)\IDM Computer Solutions\UltraEdit\;C:\Users\zhoumin-a\AppData\Roaming\npm;C:\Program Files\JetBrains\IntelliJ IDEA 2019.3.1\bin;;C:\Development\flutter\bin\mingit\cmd
USERNAME=zhoumin-a
OS=Windows_NT
PROCESSOR_IDENTIFIER=Intel64 Family 6 Model 158 Stepping 10, GenuineIntel



---------------  S Y S T E M  ---------------

OS: Windows 10.0 , 64 bit Build 18362 (10.0.18362.329)

CPU:total 6 (initial active 6) (6 cores per cpu, 1 threads per core) family 6 model 158 stepping 10, cmov, cx8, fxsr, mmx, sse, sse2, sse3, ssse3, sse4.1, sse4.2, popcnt, avx, avx2, aes, clmul, erms, rtm, 3dnowpref, lzcnt, tsc, tscinvbit, bmi1, bmi2, adx

Memory: 4k page, physical 16641244k(2818476k free), swap 16641244k(5256k free)

vm_info: OpenJDK 64-Bit Server VM (25.202-b03) for windows-amd64 JRE (1.8.0_202-release-1483-b03), built by "builder" with MS VC++ 10.0 (VS2010)

time: Fri Mar 06 15:32:46 2020
timezone: 中国标准时间
elapsed time: 10 seconds (0d 0h 0m 10s)

